<?xml version="1.0" encoding="UTF-8"?>
<!-- Generated by org.testng.reporters.JUnitReportReporter -->
<testsuite hostname="DESKTOP-4FTJ60U" name="testing.Testng3" tests="2" failures="0" timestamp="4 Jul 2020 12:11:54 GMT" time="0.003" errors="0">
  <testcase name="bicycle" time="0.002" classname="testing.Testng3"/>
  <testcase name="car" time="0.001" classname="testing.Testng3"/>
</testsuite> <!-- testing.Testng3 -->
