<?xml version="1.0" encoding="UTF-8"?>
<!-- Generated by org.testng.reporters.JUnitReportReporter -->
<testsuite hostname="DESKTOP-4FTJ60U" name="testing.testng2" tests="4" failures="0" timestamp="4 Jul 2020 12:11:54 GMT" time="0.009" errors="0">
  <testcase name="flight" time="0.002" classname="testing.testng2"/>
  <testcase name="spicejet" time="0.002" classname="testing.testng2"/>
  <testcase name="airasia" time="0.002" classname="testing.testng2"/>
  <testcase name="indigo" time="0.003" classname="testing.testng2"/>
</testsuite> <!-- testing.testng2 -->
