<?xml version="1.0" encoding="UTF-8"?>
<!-- Generated by org.testng.reporters.JUnitReportReporter -->
<testsuite hostname="DESKTOP-4FTJ60U" name="testing.Testng1" tests="6" failures="0" timestamp="4 Jul 2020 12:11:54 GMT" time="0.030" errors="0">
  <testcase name="games" time="0.003" classname="testing.Testng1"/>
  <testcase name="shopping" time="0.003" classname="testing.Testng1"/>
  <testcase name="hostel" time="0.008" classname="testing.Testng1"/>
  <testcase name="relatives" time="0.005" classname="testing.Testng1"/>
  <testcase name="CAR" time="0.004" classname="testing.Testng1"/>
  <testcase name="restaurant" time="0.007" classname="testing.Testng1"/>
</testsuite> <!-- testing.Testng1 -->
